=========================================
SEALIGHTS AGENT STARTED
=========================================
[SEALIGHTS] 2022-07-11 14:26:55,926 INFO  [5579|main        |001] i.s.o.a.logback.LogbackLogManager : SL-Logging started with configuration:(appendToConsole=true, appendToFile=true, sendIntervalMins=0, sendLogsOnShutdown=false, logFileName=build-scanner, logsFolder=logs/scanner, fileCount=10, logLimitInMB=10, logLevel=info, sendMaxEntries=10)
[SEALIGHTS] 2022-07-11 14:26:56,087 INFO  [5579|main        |001] i.s.o.agents.buildscanner.main.App : input arguments: ["-scan","-token","...BiLsXTDwUM","-buildsessionid","b282c3b7-73f5-432d-b044-b9d38b058cd7","-appname","Calculator-RESTService-DD-2","-branch","main","-build","2022.07.11-14.26","-packagesincluded","*com.slsamples.gradle.java.springboot*","-workspacepath","/Users/ddreakford/Samples/SeaLights/calculator_REST_gradle","-moduleName","rest-calculator","-filesincluded","*.class","-filesexcluded","*Test.class*","-pathToMetaJson","/var/folders/td/clwdtf_5769b1clqrjw_zsf80000gn/T//metadata_eb604683-1efb-4d5e-b616-3a34af4c2e5d.json","-recursive"]
[SEALIGHTS] 2022-07-11 14:26:56,105 INFO  [5579|main        |001] i.s.o.a.b.main.cli.ModeArgsParser : parsing arguments ...
[SEALIGHTS] 2022-07-11 14:26:56,223 INFO  [5579|main        |001] i.s.o.agents.buildscanner.main.App : Upgrade is disable
[SEALIGHTS] 2022-07-11 14:26:56,224 INFO  [5579|main        |001] i.s.o.a.b.e.scan.ScanModeExecutor : Using the original 'workspacepath':'/Users/ddreakford/Samples/SeaLights/calculator_REST_gradle'
[SEALIGHTS] 2022-07-11 14:26:56,228 INFO  [5579|main        |001] i.s.o.a.b.e.s.c.ScanConfigurationManager : Try to load configuration from file 'sealights.properties', directory '/Users/ddreakford/Samples/SeaLights/calculator_REST_gradle'
[SEALIGHTS] 2022-07-11 14:26:56,228 INFO  [5579|main        |001] i.s.o.a.b.e.s.c.ScanConfigurationManager : Configuration file not found in path '/Users/ddreakford/Samples/SeaLights/calculator_REST_gradle', error: sealights.properties (No such file or directory)
[SEALIGHTS] 2022-07-11 14:26:56,233 INFO  [5579|main        |001] i.s.o.a.c.c.ConfigurationPrinter : *************************** Current Configuration **********************************
[SEALIGHTS] 2022-07-11 14:26:56,233 INFO  [5579|main        |001] i.s.o.a.c.c.ConfigurationPrinter : io.sealights.onpremise.agents.buildscanner.execmode.scan.configuration.ScanConfigurationInfo: 
[SEALIGHTS] 2022-07-11 14:26:56,233 INFO  [5579|main        |001] i.s.o.a.c.c.ConfigurationPrinter : --------------------------------------------------------------------------
[SEALIGHTS] 2022-07-11 14:26:56,238 INFO  [5579|main        |001] i.s.o.a.c.c.ConfigurationPrinter : methodHashingStringNotifierConfiguration: 'MethodHashingStringNotifier.MethodHashingStringNotifierConfiguration(methodFilter=null)'
[SEALIGHTS] 2022-07-11 14:26:56,239 INFO  [5579|main        |001] i.s.o.a.c.c.ConfigurationPrinter : reportOnGettersAndSetters: 'true'
[SEALIGHTS] 2022-07-11 14:26:56,239 INFO  [5579|main        |001] i.s.o.a.c.c.ConfigurationPrinter : ignoreMethodsWithoutLineNumbers: 'false'
[SEALIGHTS] 2022-07-11 14:26:56,239 INFO  [5579|main        |001] i.s.o.a.c.c.ConfigurationPrinter : ignoreAutoGeneratedMethods: 'false'
[SEALIGHTS] 2022-07-11 14:26:56,240 INFO  [5579|main        |001] i.s.o.a.c.c.ConfigurationPrinter : buildSessionId: 'null'
[SEALIGHTS] 2022-07-11 14:26:56,240 INFO  [5579|main        |001] i.s.o.a.c.c.ConfigurationPrinter : appName: 'Calculator-RESTService-DD-2'
[SEALIGHTS] 2022-07-11 14:26:56,240 INFO  [5579|main        |001] i.s.o.a.c.c.ConfigurationPrinter : branchName: 'main'
[SEALIGHTS] 2022-07-11 14:26:56,242 INFO  [5579|main        |001] i.s.o.a.c.c.ConfigurationPrinter : customerId: 'SeaLights'
[SEALIGHTS] 2022-07-11 14:26:56,242 INFO  [5579|main        |001] i.s.o.a.c.c.ConfigurationPrinter : server: 'https://dev-cs-gw.dev.sealights.co/api'
[SEALIGHTS] 2022-07-11 14:26:56,242 INFO  [5579|main        |001] i.s.o.a.c.c.ConfigurationPrinter : customFilterFile: 'null'
[SEALIGHTS] 2022-07-11 14:26:56,242 INFO  [5579|main        |001] i.s.o.a.c.c.ConfigurationPrinter : buildName: '2022.07.11-14.26'
[SEALIGHTS] 2022-07-11 14:26:56,242 INFO  [5579|main        |001] i.s.o.a.c.c.ConfigurationPrinter : testStage: 'null'
[SEALIGHTS] 2022-07-11 14:26:56,243 INFO  [5579|main        |001] i.s.o.a.c.c.ConfigurationPrinter : agentType: 'BuildScanner'
[SEALIGHTS] 2022-07-11 14:26:56,243 INFO  [5579|main        |001] i.s.o.a.c.c.ConfigurationPrinter : compressRequest: 'true'
[SEALIGHTS] 2022-07-11 14:26:56,243 INFO  [5579|main        |001] i.s.o.a.c.c.ConfigurationPrinter : lineCoverageEnabled: 'false'
[SEALIGHTS] 2022-07-11 14:26:56,243 INFO  [5579|main        |001] i.s.o.a.c.c.ConfigurationPrinter : reportOnConstructors: 'true'
[SEALIGHTS] 2022-07-11 14:26:56,243 INFO  [5579|main        |001] i.s.o.a.c.c.ConfigurationPrinter : scmSettings: '{gitProvider=null, version=null, baseUrl=null, type=null}'
[SEALIGHTS] 2022-07-11 14:26:56,245 INFO  [5579|main        |001] i.s.o.a.c.c.ConfigurationPrinter : token: '...BiLsXTDwUM'
[SEALIGHTS] 2022-07-11 14:26:56,246 INFO  [5579|main        |001] i.s.o.a.c.c.ConfigurationPrinter : labId: 'null'
[SEALIGHTS] 2022-07-11 14:26:56,246 INFO  [5579|main        |001] i.s.o.a.c.c.ConfigurationPrinter : proxy: 'null'
[SEALIGHTS] 2022-07-11 14:26:56,247 INFO  [5579|main        |001] i.s.o.a.c.c.ConfigurationPrinter : ************************************************************************************
[SEALIGHTS] 2022-07-11 14:26:56,262 INFO  [5579|main        |001] i.s.o.a.infra.http.api.SLHttpClient : Created SLApacheHttpClient
[SEALIGHTS] 2022-07-11 14:26:56,547 INFO  [5579|main        |001] i.s.o.a.infra.http.api.SLHttpClient : [To BSS] - sending GET, url:'https://dev-cs-gw.dev.sealights.co/api/v2/agents/buildsession/b282c3b7-73f5-432d-b044-b9d38b058cd7', token: ...BiLsXTDwUM''
[SEALIGHTS] 2022-07-11 14:26:57,518 INFO  [5579|main        |001] i.s.o.a.infra.http.api.SLHttpClient : [From BSS] - responsed GET url:'https://dev-cs-gw.dev.sealights.co/api/v2/agents/buildsession/b282c3b7-73f5-432d-b044-b9d38b058cd7', status:200, message:null', body:'{"customerId":"SeaLights","appName":"Calculator-RESTService-DD-2","branchName":"main","buildName":"2022.07.11-14.26","buildSessionId":"b282c3b7-73f5-432d-b044-b9d38b058cd7","additionalParams":{"packagesIncluded":"*com.slsamples.gradle.java.springboot*","packagesExcluded":"","includedNamespaces":null,"excludedNamespaces":null,"includedFilePatterns":null,"excludedFilePatterns":null},"buildSessionType":"BUILD","trackingId":"APIGW-de3434e8-5cd3-48b7-8380-f5e17c3cb969","created":1657564014082}''
[SEALIGHTS] 2022-07-11 14:26:57,529 INFO  [5579|main        |001] i.s.o.a.c.l.e.DefaultAgentEventsController : ping will be send with interval 120 secs
[SEALIGHTS] 2022-07-11 14:26:57,536 INFO  [5579|main        |001] i.s.o.a.infra.http.api.SLHttpClient : [To CS] - sending GET, url:'https://dev-cs-gw.dev.sealights.co/api/v3/config?agentId=5f7b75dd-9625-4427-a15e-8fa80d846f4d&buildName=2022.07.11-14.26&agentType=BuildScanner&appName=Calculator-RESTService-DD-2&agentVersion=3.1.2101&branchName=main', token: ...BiLsXTDwUM''
[SEALIGHTS] 2022-07-11 14:26:57,699 INFO  [5579|main        |001] i.s.o.a.infra.http.api.SLHttpClient : [From CS] - GET url:'https://dev-cs-gw.dev.sealights.co/api/v3/config?agentId=5f7b75dd-9625-4427-a15e-8fa80d846f4d&buildName=2022.07.11-14.26&agentType=BuildScanner&appName=Calculator-RESTService-DD-2&agentVersion=3.1.2101&branchName=main', status:404, message:null (resource not found)
[SEALIGHTS] 2022-07-11 14:26:57,720 INFO  [5579|main        |001] i.s.o.a.e.AgentEventsDispatcher : Handling agentStart ...
[SEALIGHTS] 2022-07-11 14:26:57,722 INFO  [5579|agent-events|011] i.s.o.a.e.AgentEventsDispatcher : Sending 1 accumulated events ...
[SEALIGHTS] 2022-07-11 14:26:57,732 INFO  [5579|main        |001] i.s.o.a.infra.git.utils.GitRepo : Found a git repository:'/Users/ddreakford/Samples/SeaLights/calculator_REST_gradle/.git' in a workspacepath:'/Users/ddreakford/Samples/SeaLights/calculator_REST_gradle'
[SEALIGHTS] 2022-07-11 14:26:57,819 INFO  [5579|agent-events|011] i.s.o.a.infra.http.api.SLHttpClient : [To ES] - sending POST, url:'https://dev-cs-gw.dev.sealights.co/api/v3/agents/agent-events', token: ...BiLsXTDwUM', body:'{"agentId":"5f7b75dd-9625-4427-a15e-8fa80d846f4d","buildSessionId":"b282c3b7-73f5-432d-b044-b9d38b058cd7","events":[{"type":1001,"utcTimestamp_ms":1657564017720,"data":{"agentInfo":{"technology":"Java","agentType":"BuildScanner","agentVersion":"3.1.2101","buildSessionId":"b282c3b7-73f5-432d-b044-b9d38b058cd7","uniqueModuleId":"rest-calculator","appName":"Calculator-RESTService-DD-2","labId":null,"agentConfig":{"server":"https://dev-cs-gw.dev.sealights.co/api","lineCoverageEnabled":"false","ignoreMethodsWithoutLineNumbers":"false","compressRequest":"true","ignoreAutoGeneratedMethods":"false","logConfiguration":"logConfiguration.appendToConsole=true, logConfiguration.appendToFile=true, logConfiguration.logFileName=build-scanner, logConfiguration.logsFolder=logs/scanner, logConfiguration.fileCount=10, logConfiguration.logLimitInMB=10, logConfiguration.logLevel=INFO, logConfiguration.sendLogsOnShutdown=false, logConfiguration.sendIntervalMins=0, logConfiguration.sendMaxEntries=10, ","scmProvider":"null","token":"...(truncated to 1024 Bytes)''
[SEALIGHTS] 2022-07-11 14:26:57,864 INFO  [5579|main        |001] i.s.o.a.infra.git.utils.GitRepo : Found repository url 'git@github.com:ddreakford/calculator_REST_gradle.git' for remote 'origin'
[SEALIGHTS] 2022-07-11 14:26:57,867 INFO  [5579|main        |001] i.s.o.a.i.g.c.GitWorkMonitor : executing cmd:'git --version' from cwd:'/Users/ddreakford/Samples/SeaLights/calculator_REST_gradle/.git'
[SEALIGHTS] 2022-07-11 14:26:57,888 INFO  [5579|main        |001] i.s.o.a.i.g.c.GitWorkMonitor : found git version 2.32.1 (Apple Git-133)
[SEALIGHTS] 2022-07-11 14:26:57,892 INFO  [5579|main        |001] i.s.o.a.i.g.c.GitController : GitController was initialized
[SEALIGHTS] 2022-07-11 14:26:57,897 INFO  [5579|main        |001] i.s.o.a.infra.http.api.SLHttpClient : [To GDS] - sending GET, url:'https://dev-cs-gw.dev.sealights.co/api/v5/agents/builds/b282c3b7-73f5-432d-b044-b9d38b058cd7/code-changes/submitted', token: ...BiLsXTDwUM''
[SEALIGHTS] 2022-07-11 14:26:58,086 INFO  [5579|agent-events|011] i.s.o.a.infra.http.api.SLHttpClient : [From ES] - responsed POST url:'https://dev-cs-gw.dev.sealights.co/api/v3/agents/agent-events', status:200, message:null', body:'''
[SEALIGHTS] 2022-07-11 14:26:58,644 INFO  [5579|main        |001] i.s.o.a.infra.http.api.SLHttpClient : [From GDS] - responsed GET url:'https://dev-cs-gw.dev.sealights.co/api/v5/agents/builds/b282c3b7-73f5-432d-b044-b9d38b058cd7/code-changes/submitted', status:200, message:null', body:'{"data":{"submitted":true}}''
[SEALIGHTS] 2022-07-11 14:26:58,645 INFO  [5579|main        |001] i.s.o.a.i.g.c.GitWorkMonitor : Git data for bsid:b282c3b7-73f5-432d-b044-b9d38b058cd7 is already submitted
[SEALIGHTS] 2022-07-11 14:26:58,648 INFO  [5579|main        |001] i.s.o.a.b.e.scan.FilesScanner : Source directory resolved to be '/Users/ddreakford/Samples/SeaLights/calculator_REST_gradle'
[SEALIGHTS] 2022-07-11 14:26:58,664 INFO  [5579|main        |001] i.s.o.a.b.e.scan.ClassFilesScanner : found 8 files to be scanned (full print in DEBUG)
[SEALIGHTS] 2022-07-11 14:26:58,773 INFO  [5579|main        |001] i.s.o.a.b.e.scan.ScanModeExecutor : Scanned classes signatures(size=/Users/ddreakford/Samples/SeaLights/calculator_REST_gradle) in sources directory '5':
	[0]	com/slsamples/gradle/java/springboot/CalculatorController -> className=com/slsamples/gradle/java/springboot/CalculatorController, superClass='null', testClass=false, interfaces:[], relativePath=com/slsamples/gradle/java/springboot/CalculatorController.java, methods(7):[private D com.slsamples.gradle.java.springboot.CalculatorController.add[D, D], private D com.slsamples.gradle.java.springboot.CalculatorController.multiply[D, D], private D com.slsamples.gradle.java.springboot.CalculatorController.subtract[D, D], public Ljava/lang/String; com.slsamples.gradle.java.springboot.CalculatorController.calculator[Ljava/lang/String;, Ljava/lang/String;, Ljava/lang/String;], private Ljava/lang/String; com.slsamples.gradle.java.springboot.CalculatorController.validateArgs[Ljava/lang/String;, Ljava/lang/String;, Ljava/lang/String;], public V com.slsamples.gradle.java.springboot.CalculatorController.<init>[], private D com.slsamples.gradle.java.springboot.CalculatorController.divide[D, D]], lines size=0
	[1]	com/slsamples/gradle/java/springboot/Application -> className=com/slsamples/gradle/java/springboot/Application, superClass='null', testClass=false, interfaces:[], relativePath=com/slsamples/gradle/java/springboot/Application.java, methods(5):[public Lorg/springframework/boot/CommandLineRunner; com.slsamples.gradle.java.springboot.Application.commandLineRunner[Lorg/springframework/context/ApplicationContext;], private static V com.slsamples.gradle.java.springboot.Application.lambda$commandLineRunner$0[Lorg/springframework/context/ApplicationContext;, [Ljava/lang/String;], public static V com.slsamples.gradle.java.springboot.Application.main[[Ljava/lang/String;], public V com.slsamples.gradle.java.springboot.Application.<init>[], private static V com.slsamples.gradle.java.springboot.Application.lambda$0[Lorg/springframework/context/ApplicationContext;, [Ljava/lang/String;]], lines size=0
	[2]	com/slsamples/gradle/java/springboot/HelloControllerIT -> className=com/slsamples/gradle/java/springboot/HelloControllerIT, superClass='null', testClass=true, interfaces:[], relativePath=com/slsamples/gradle/java/springboot/HelloControllerIT.java, methods(2):[public V com.slsamples.gradle.java.springboot.HelloControllerIT.<init>[], public V com.slsamples.gradle.java.springboot.HelloControllerIT.getHello[]], lines size=0
	[3]	com/slsamples/gradle/java/springboot/HelloController -> className=com/slsamples/gradle/java/springboot/HelloController, superClass='null', testClass=false, interfaces:[], relativePath=com/slsamples/gradle/java/springboot/HelloController.java, methods(2):[public Ljava/lang/String; com.slsamples.gradle.java.springboot.HelloController.index[], public V com.slsamples.gradle.java.springboot.HelloController.<init>[]], lines size=0
	[4]	com/slsamples/gradle/java/springboot/CalculatorControllerIT -> className=com/slsamples/gradle/java/springboot/CalculatorControllerIT, superClass='null', testClass=true, interfaces:[], relativePath=com/slsamples/gradle/java/springboot/CalculatorControllerIT.java, methods(2):[public V com.slsamples.gradle.java.springboot.CalculatorControllerIT.<init>[], public V com.slsamples.gradle.java.springboot.CalculatorControllerIT.getAdd[]], lines size=0
[SEALIGHTS] 2022-07-11 14:26:58,855 INFO  [5579|main        |001] i.s.o.a.i.g.j.c.GitTreeCommand : Collecting files tree of HEAD commit f696a28931f4a8261e538bef471ded4e088892a2
[SEALIGHTS] 2022-07-11 14:26:58,864 INFO  [5579|main        |001] i.s.o.a.i.g.j.c.GitFilesLookupCommand : collected 5 file names from 'git'
[SEALIGHTS] 2022-07-11 14:26:58,865 INFO  [5579|main        |001] i.s.o.a.i.g.c.GitWorkMonitor : Collected 5 git-files for physical path resolution
[SEALIGHTS] 2022-07-11 14:26:58,866 INFO  [5579|main        |001] i.s.o.a.i.g.c.GitWorkMonitor : Sending (event type=GIT_VERSION(2501), utcTimestamp_ms=1657564018866, data='found git version 2.32.1 (Apple Git-133)')
[SEALIGHTS] 2022-07-11 14:26:58,866 INFO  [5579|main        |001] i.s.o.a.i.g.c.GitWorkMonitor : Sending (event type=GIT_CONFIGURATION(2502), utcTimestamp_ms=1657564018866, data='repository path: '/Users/ddreakford/Samples/SeaLights/calculator_REST_gradle/.git'; workspacepath: '/Users/ddreakford/Samples/SeaLights/calculator_REST_gradle'; config file content:[core] repositoryformatversion = 0 filemode = true bare = false logallrefupdates = true ignorecase = true precomposeunicode = true[remote "origin"] url = git@github.com:ddreakford/calculator_REST_gradle.git fetch = +refs/heads/*:refs/remotes/origin/*[branch "main"] remote = origin merge = refs/heads/main')
[SEALIGHTS] 2022-07-11 14:26:58,867 INFO  [5579|main        |001] i.s.o.a.i.g.c.GitWorkMonitor : Sending (event type=GIT_CONFIGURATION(2502), utcTimestamp_ms=1657564018867, data='GitWorkConfiguration:  buildSessionId:b282c3b7-73f5-432d-b044-b9d38b058cd7, workspacePath:/Users/ddreakford/Samples/SeaLights/calculator_REST_gradle, token:...BiLsXTDwUM, server:https://dev-cs-gw.dev.sealights.co/api, proxy:null, gitProvider:null, scmVersion:null, scmBaseUrl:null, scmType:null, debugInfoEnabled:true, gitExecPath:null')
[SEALIGHTS] 2022-07-11 14:26:58,867 INFO  [5579|main        |001] i.s.o.a.i.g.c.GitWorkMonitor : Sending (event type=GIT_INFO(2500), utcTimestamp_ms=1657564018867, data='[executing cmd:'git --version' from cwd:'/Users/ddreakford/Samples/SeaLights/calculator_REST_gradle/.git', Git data for bsid:b282c3b7-73f5-432d-b044-b9d38b058cd7 is already submitted, Collected 5 git-files for physical path resolution]')
[SEALIGHTS] 2022-07-11 14:26:58,881 INFO  [5579|main        |001] i.s.o.a.b.b.s.proxy.MetaDataBuilder : created meta data:
	agentId             : 5f7b75dd-9625-4427-a15e-8fa80d846f4d
	appName             : Calculator-RESTService-DD-2
	technology          : java
	branch              : main
	buildScannerVersion : 3.1.2101
	build               : 2022.07.11-14.26
	generated           : 1657564018867
	projectDependencies : collection of 57 entries - [{groupID=jakarta.annotation, artifactID=jakarta.annotation-api, version=1.3.5}, {groupID=org.ow2.asm, artifactID=asm, version=9.1}, {groupID=com.fasterxml.jackson.core, artifactID=jackson-core, version=2.13.3}, {groupID=org.springframework, artifactID=spring-aop, version=5.3.20}, {groupID=jakarta.xml.bind, artifactID=jakarta.xml.bind-api, version=2.3.3}, {groupID=org.apache.tomcat.embed, artifactID=tomcat-embed-core, version=9.0.63}, {groupID=org.springframework.boot, artifactID=spring-boot-test, version=2.6.8}, {groupID=org.junit.jupiter, artifactID=junit-jupiter-api, version=5.8.2}, {groupID=org.opentest4j, artifactID=opentest4j, version=1.2.0}, {groupID=com.fasterxml.jackson.core, artifactID=jackson-databind, version=2.13.3}, {groupID=org.springframework, artifactID=spring-webmvc, version=5.3.20}, {groupID=org.junit.jupiter, artifactID=junit-jupiter, version=5.8.2}, {groupID=net.minidev, artifactID=accessors-smart, version=2.4.8}, {groupID=org.assertj, artifactID=assertj-core, version=3.21.0}, {groupID=org.springframework, artifactID=spring-web, version=5.3.20}, {groupID=org.springframework, artifactID=spring-core, version=5.3.20}, {groupID=org.springframework, artifactID=spring-test, version=5.3.20}, {groupID=org.springframework.boot, artifactID=spring-boot-starter-test, version=2.6.8}, {groupID=org.skyscreamer, artifactID=jsonassert, version=1.5.0}, {groupID=org.apache.tomcat.embed, artifactID=tomcat-embed-el, version=9.0.63}, {groupID=org.slf4j, artifactID=jul-to-slf4j, version=1.7.36}, {groupID=ch.qos.logback, artifactID=logback-classic, version=1.2.11}, {groupID=com.vaadin.external.google, artifactID=android-json, version=0.0.20131108.vaadin1}, {groupID=org.springframework, artifactID=spring-jcl, version=5.3.20}, {groupID=org.springframework.boot, artifactID=spring-boot-test-autoconfigure, version=2.6.8}, {groupID=org.springframework, artifactID=spring-beans, version=5.3.20}, {groupID=org.xmlunit, artifactID=xmlunit-core, version=2.8.4}, {groupID=org.junit.platform, artifactID=junit-platform-commons, version=1.8.2}, {groupID=org.mockito, artifactID=mockito-junit-jupiter, version=4.0.0}, {groupID=net.minidev, artifactID=json-smart, version=2.4.8}, {groupID=com.fasterxml.jackson.core, artifactID=jackson-annotations, version=2.13.3}, {groupID=org.springframework, artifactID=spring-expression, version=5.3.20}, {groupID=org.apiguardian, artifactID=apiguardian-api, version=1.1.2}, {groupID=org.yaml, artifactID=snakeyaml, version=1.29}, {groupID=org.apache.tomcat.embed, artifactID=tomcat-embed-websocket, version=9.0.63}, {groupID=org.junit.jupiter, artifactID=junit-jupiter-params, version=5.8.2}, {groupID=org.apache.logging.log4j, artifactID=log4j-to-slf4j, version=2.17.2}, {groupID=org.springframework.boot, artifactID=spring-boot-starter-web, version=2.6.8}, {groupID=ch.qos.logback, artifactID=logback-core, version=1.2.11}, {groupID=net.bytebuddy, artifactID=byte-buddy-agent, version=1.11.22}, {groupID=org.springframework.boot, artifactID=spring-boot-starter-json, version=2.6.8}, {groupID=org.springframework, artifactID=spring-context, version=5.3.20}, {groupID=org.springframework.boot, artifactID=spring-boot-starter-logging, version=2.6.8}, {groupID=com.fasterxml.jackson.datatype, artifactID=jackson-datatype-jdk8, version=2.13.3}, {groupID=org.springframework.boot, artifactID=spring-boot-starter-tomcat, version=2.6.8}, {groupID=org.mockito, artifactID=mockito-core, version=4.0.0}, {groupID=jakarta.activation, artifactID=jakarta.activation-api, version=1.2.2}, {groupID=com.fasterxml.jackson.datatype, artifactID=jackson-datatype-jsr310, version=2.13.3}, {groupID=com.fasterxml.jackson.module, artifactID=jackson-module-parameter-names, version=2.13.3}, {groupID=org.slf4j, artifactID=slf4j-api, version=1.7.36}, {groupID=net.bytebuddy, artifactID=byte-buddy, version=1.11.22}, {groupID=org.springframework.boot, artifactID=spring-boot, version=2.6.8}, {groupID=com.jayway.jsonpath, artifactID=json-path, version=2.6.0}, {groupID=org.springframework.boot, artifactID=spring-boot-starter, version=2.6.8}, {groupID=org.springframework.boot, artifactID=spring-boot-autoconfigure, version=2.6.8}, {groupID=org.hamcrest, artifactID=hamcrest, version=2.2}, {groupID=org.apache.logging.log4j, artifactID=log4j-api, version=2.17.2}]
	uniqueModuleId      : rest-calculator
	methodHashAlgorithm : java1.8:sealights2
	buildTool           : maven
	scanArguments       : ... not printed here ...
	buildSessionId      : b282c3b7-73f5-432d-b044-b9d38b058cd7

[SEALIGHTS] 2022-07-11 14:26:58,929 INFO  [5579|main        |001] i.s.o.a.infra.http.api.SLHttpClient : [To BMS] - sending POST, url:'https://dev-cs-gw.dev.sealights.co/api/v5/agents/buildmapping', token: ...BiLsXTDwUM', body:'{"meta":{"agentId":"5f7b75dd-9625-4427-a15e-8fa80d846f4d","appName":"Calculator-RESTService-DD-2","technology":"java","branch":"main","buildScannerVersion":"3.1.2101","build":"2022.07.11-14.26","generated":1657564018867,"projectDependencies":[{"groupID":"jakarta.annotation","artifactID":"jakarta.annotation-api","version":"1.3.5"},{"groupID":"org.ow2.asm","artifactID":"asm","version":"9.1"},{"groupID":"com.fasterxml.jackson.core","artifactID":"jackson-core","version":"2.13.3"},{"groupID":"org.springframework","artifactID":"spring-aop","version":"5.3.20"},{"groupID":"jakarta.xml.bind","artifactID":"jakarta.xml.bind-api","version":"2.3.3"},{"groupID":"org.apache.tomcat.embed","artifactID":"tomcat-embed-core","version":"9.0.63"},{"groupID":"org.springframework.boot","artifactID":"spring-boot-test","version":"2.6.8"},{"groupID":"org.junit.jupiter","artifactID":"junit-jupiter-api","version":"5.8.2"},{"groupID":"org.opentest4j","artifactID":"opentest4j","version":"1.2.0"},{"groupID":"com.fasterxml.jackson.core","art...(truncated to 1024 Bytes)''
[SEALIGHTS] 2022-07-11 14:26:59,316 INFO  [5579|main        |001] i.s.o.a.infra.http.api.SLHttpClient : [From BMS] - responsed POST url:'https://dev-cs-gw.dev.sealights.co/api/v5/agents/buildmapping', status:200, message:null', body:'''
[SEALIGHTS] 2022-07-11 14:26:59,317 INFO  [5579|main        |001] i.s.o.a.b.b.s.p.BuildMappingServiceProxyHandler : Build-mapping for module 'rest-calculator' was sent - scanned 14 methods in 3 files
[] 2022-07-11 14:26:59,320 INFO  [|Thread-0    |] i.s.o.a.c.l.events.AgentLifeCycle : shutting down ...
[SEALIGHTS] 2022-07-11 14:26:59,321 INFO  [5579|Thread-0    |012] i.s.o.a.e.AgentEventsDispatcher : Handling agentShutdown ...
[SEALIGHTS] 2022-07-11 14:26:59,323 INFO  [5579|Thread-0    |012] i.s.o.a.e.AgentEventsDispatcher : Sending 6 accumulated events ...
[SEALIGHTS] 2022-07-11 14:26:59,334 INFO  [5579|Thread-0    |012] i.s.o.a.infra.http.api.SLHttpClient : [To ES] - sending POST, url:'https://dev-cs-gw.dev.sealights.co/api/v3/agents/agent-events', token: ...BiLsXTDwUM', body:'{"agentId":"5f7b75dd-9625-4427-a15e-8fa80d846f4d","buildSessionId":"b282c3b7-73f5-432d-b044-b9d38b058cd7","events":[{"type":2501,"utcTimestamp_ms":1657564018866,"data":"found git version 2.32.1 (Apple Git-133)"},{"type":2502,"utcTimestamp_ms":1657564018866,"data":"repository path: '/Users/ddreakford/Samples/SeaLights/calculator_REST_gradle/.git'; workspacepath: '/Users/ddreakford/Samples/SeaLights/calculator_REST_gradle'; config file content:[core] repositoryformatversion = 0 filemode = true bare = false logallrefupdates = true ignorecase = true precomposeunicode = true[remote \"origin\"] url = git@github.com:ddreakford/calculator_REST_gradle.git fetch = +refs/heads/*:refs/remotes/origin/*[branch \"main\"] remote = origin merge = refs/heads/main"},{"type":2502,"utcTimestamp_ms":1657564018867,"data":"GitWorkConfiguration:  buildSessionId:b282c3b7-73f5-432d-b044-b9d38b058cd7, workspacePath:/Users/ddreakford/Samples/SeaLights/calculator_REST_gradle, token:...BiLsXTDwUM, server:https://dev-cs-gw.dev.sealights.co/...(truncated to 1024 Bytes)''
[SEALIGHTS] 2022-07-11 14:26:59,603 INFO  [5579|Thread-0    |012] i.s.o.a.infra.http.api.SLHttpClient : [From ES] - responsed POST url:'https://dev-cs-gw.dev.sealights.co/api/v3/agents/agent-events', status:200, message:null', body:'''
